<?xml version="1.0" encoding="UTF-8"?>
<!-- Generated by org.testng.reporters.JUnitReportReporter -->
<testsuite skipped="0" hostname="a2ml16880" name="com.mindtree.selenium.automation.FlightBookingTest" tests="3" failures="0" timestamp="29 May 2018 07:37:36 GMT" time="92.376" errors="0">
  <testcase name="OpenBrowser" time="32.034" classname="com.mindtree.selenium.automation.FlightBookingTest"/>
  <testcase name="Flight_Search" time="58.645" classname="com.mindtree.selenium.automation.FlightBookingTest"/>
  <testcase name="NextPage_Confirmation" time="1.697" classname="com.mindtree.selenium.automation.FlightBookingTest"/>
</testsuite> <!-- com.mindtree.selenium.automation.FlightBookingTest -->
