<?xml version="1.0" encoding="UTF-8"?>
<!-- Generated by org.testng.reporters.JUnitReportReporter -->
<testsuite skipped="0" hostname="a2ml16880" name="com.mindtree.selenium.automation.FlightBooking" tests="3" failures="0" timestamp="24 May 2018 18:35:21 GMT" time="153.137" errors="0">
  <testcase name="OpenBrowser" time="68.467" classname="com.mindtree.selenium.automation.FlightBooking"/>
  <testcase name="Flight_Search" time="84.584" classname="com.mindtree.selenium.automation.FlightBooking"/>
  <testcase name="NextPage_Confirmation" time="0.086" classname="com.mindtree.selenium.automation.FlightBooking"/>
</testsuite> <!-- com.mindtree.selenium.automation.FlightBooking -->
